\BOOKMARK [0][-]{chapter.1}{\376\377\0001\000\040\000L\000a\000b\0003\000\137\000g\000r\0003}{}% 1
\BOOKMARK [0][-]{chapter.2}{\376\377\0002\000\040\000C\000l\000a\000s\000s\000\040\000I\000n\000d\000e\000x}{}% 2
\BOOKMARK [1][-]{section.2.1}{\376\377\0002\000.\0001\000\040\000C\000l\000a\000s\000s\000\040\000L\000i\000s\000t}{chapter.2}% 3
\BOOKMARK [0][-]{chapter.3}{\376\377\0003\000\040\000F\000i\000l\000e\000\040\000I\000n\000d\000e\000x}{}% 4
\BOOKMARK [1][-]{section.3.1}{\376\377\0003\000.\0001\000\040\000F\000i\000l\000e\000\040\000L\000i\000s\000t}{chapter.3}% 5
\BOOKMARK [0][-]{chapter.4}{\376\377\0004\000\040\000C\000l\000a\000s\000s\000\040\000D\000o\000c\000u\000m\000e\000n\000t\000a\000t\000i\000o\000n}{}% 6
\BOOKMARK [1][-]{section.4.1}{\376\377\0004\000.\0001\000\040\000p\000a\000r\000t\000i\000c\000i\000p\000a\000n\000t\000e\000\040\000C\000l\000a\000s\000s\000\040\000R\000e\000f\000e\000r\000e\000n\000c\000e}{chapter.4}% 7
\BOOKMARK [2][-]{subsection.4.1.1}{\376\377\0004\000.\0001\000.\0001\000\040\000D\000e\000t\000a\000i\000l\000e\000d\000\040\000D\000e\000s\000c\000r\000i\000p\000t\000i\000o\000n}{section.4.1}% 8
\BOOKMARK [2][-]{subsection.4.1.2}{\376\377\0004\000.\0001\000.\0002\000\040\000C\000o\000n\000s\000t\000r\000u\000c\000t\000o\000r\000\040\000\046\000\040\000D\000e\000s\000t\000r\000u\000c\000t\000o\000r\000\040\000D\000o\000c\000u\000m\000e\000n\000t\000a\000t\000i\000o\000n}{section.4.1}% 9
\BOOKMARK [3][-]{subsubsection.4.1.2.1}{\376\377\0004\000.\0001\000.\0002\000.\0001\000\040\000p\000a\000r\000t\000i\000c\000i\000p\000a\000n\000t\000e\000\050\000\051\000\040\000[\0001\000/\0002\000]}{subsection.4.1.2}% 10
\BOOKMARK [3][-]{subsubsection.4.1.2.2}{\376\377\0004\000.\0001\000.\0002\000.\0002\000\040\000p\000a\000r\000t\000i\000c\000i\000p\000a\000n\000t\000e\000\050\000\051\000\040\000[\0002\000/\0002\000]}{subsection.4.1.2}% 11
\BOOKMARK [2][-]{subsection.4.1.3}{\376\377\0004\000.\0001\000.\0003\000\040\000M\000e\000m\000b\000e\000r\000\040\000F\000u\000n\000c\000t\000i\000o\000n\000\040\000D\000o\000c\000u\000m\000e\000n\000t\000a\000t\000i\000o\000n}{section.4.1}% 12
\BOOKMARK [3][-]{subsubsection.4.1.3.1}{\376\377\0004\000.\0001\000.\0003\000.\0001\000\040\000g\000e\000t\000\137\000n\000o\000m\000b\000r\000e\000\050\000\051}{subsection.4.1.3}% 13
\BOOKMARK [3][-]{subsubsection.4.1.3.2}{\376\377\0004\000.\0001\000.\0003\000.\0002\000\040\000g\000e\000t\000\137\000p\000a\000r\000t\000i\000c\000i\000p\000a\000n\000t\000\137\000i\000d\000\050\000\051}{subsection.4.1.3}% 14
\BOOKMARK [3][-]{subsubsection.4.1.3.3}{\376\377\0004\000.\0001\000.\0003\000.\0003\000\040\000g\000e\000t\000\137\000p\000u\000s\000h\000e\000d\000\050\000\051}{subsection.4.1.3}% 15
\BOOKMARK [3][-]{subsubsection.4.1.3.4}{\376\377\0004\000.\0001\000.\0003\000.\0004\000\040\000s\000e\000t\000\137\000p\000a\000r\000t\000i\000c\000i\000p\000a\000n\000t\000\050\000\051}{subsection.4.1.3}% 16
\BOOKMARK [3][-]{subsubsection.4.1.3.5}{\376\377\0004\000.\0001\000.\0003\000.\0005\000\040\000s\000e\000t\000\137\000p\000u\000s\000h\000e\000d\000\050\000\051}{subsection.4.1.3}% 17
\BOOKMARK [0][-]{chapter.5}{\376\377\0005\000\040\000F\000i\000l\000e\000\040\000D\000o\000c\000u\000m\000e\000n\000t\000a\000t\000i\000o\000n}{}% 18
\BOOKMARK [1][-]{section.5.1}{\376\377\0005\000.\0001\000\040\000C\000M\000a\000k\000e\000F\000i\000l\000e\000s\000/\0003\000.\0002\0005\000.\0000\000/\000C\000o\000m\000p\000i\000l\000e\000r\000I\000d\000C\000/\000C\000M\000a\000k\000e\000C\000C\000o\000m\000p\000i\000l\000e\000r\000I\000d\000.\000c\000\040\000F\000i\000l\000e\000\040\000R\000e\000f\000e\000r\000e\000n\000c\000e}{chapter.5}% 19
\BOOKMARK [2][-]{subsection.5.1.1}{\376\377\0005\000.\0001\000.\0001\000\040\000M\000a\000c\000r\000o\000\040\000D\000e\000f\000i\000n\000i\000t\000i\000o\000n\000\040\000D\000o\000c\000u\000m\000e\000n\000t\000a\000t\000i\000o\000n}{section.5.1}% 20
\BOOKMARK [3][-]{subsubsection.5.1.1.1}{\376\377\0005\000.\0001\000.\0001\000.\0001\000\040\000\137\000\137\000h\000a\000s\000\137\000i\000n\000c\000l\000u\000d\000e}{subsection.5.1.1}% 21
\BOOKMARK [3][-]{subsubsection.5.1.1.2}{\376\377\0005\000.\0001\000.\0001\000.\0002\000\040\000A\000R\000C\000H\000I\000T\000E\000C\000T\000U\000R\000E\000\137\000I\000D}{subsection.5.1.1}% 22
\BOOKMARK [3][-]{subsubsection.5.1.1.3}{\376\377\0005\000.\0001\000.\0001\000.\0003\000\040\000C\000\137\000V\000E\000R\000S\000I\000O\000N}{subsection.5.1.1}% 23
\BOOKMARK [3][-]{subsubsection.5.1.1.4}{\376\377\0005\000.\0001\000.\0001\000.\0004\000\040\000C\000O\000M\000P\000I\000L\000E\000R\000\137\000I\000D}{subsection.5.1.1}% 24
\BOOKMARK [3][-]{subsubsection.5.1.1.5}{\376\377\0005\000.\0001\000.\0001\000.\0005\000\040\000D\000E\000C}{subsection.5.1.1}% 25
\BOOKMARK [3][-]{subsubsection.5.1.1.6}{\376\377\0005\000.\0001\000.\0001\000.\0006\000\040\000H\000E\000X}{subsection.5.1.1}% 26
\BOOKMARK [3][-]{subsubsection.5.1.1.7}{\376\377\0005\000.\0001\000.\0001\000.\0007\000\040\000P\000L\000A\000T\000F\000O\000R\000M\000\137\000I\000D}{subsection.5.1.1}% 27
\BOOKMARK [3][-]{subsubsection.5.1.1.8}{\376\377\0005\000.\0001\000.\0001\000.\0008\000\040\000S\000T\000R\000I\000N\000G\000I\000F\000Y}{subsection.5.1.1}% 28
\BOOKMARK [3][-]{subsubsection.5.1.1.9}{\376\377\0005\000.\0001\000.\0001\000.\0009\000\040\000S\000T\000R\000I\000N\000G\000I\000F\000Y\000\137\000H\000E\000L\000P\000E\000R}{subsection.5.1.1}% 29
\BOOKMARK [2][-]{subsection.5.1.2}{\376\377\0005\000.\0001\000.\0002\000\040\000F\000u\000n\000c\000t\000i\000o\000n\000\040\000D\000o\000c\000u\000m\000e\000n\000t\000a\000t\000i\000o\000n}{section.5.1}% 30
\BOOKMARK [3][-]{subsubsection.5.1.2.1}{\376\377\0005\000.\0001\000.\0002\000.\0001\000\040\000m\000a\000i\000n\000\050\000\051}{subsection.5.1.2}% 31
\BOOKMARK [2][-]{subsection.5.1.3}{\376\377\0005\000.\0001\000.\0003\000\040\000V\000a\000r\000i\000a\000b\000l\000e\000\040\000D\000o\000c\000u\000m\000e\000n\000t\000a\000t\000i\000o\000n}{section.5.1}% 32
\BOOKMARK [3][-]{subsubsection.5.1.3.1}{\376\377\0005\000.\0001\000.\0003\000.\0001\000\040\000i\000n\000f\000o\000\137\000a\000r\000c\000h}{subsection.5.1.3}% 33
\BOOKMARK [3][-]{subsubsection.5.1.3.2}{\376\377\0005\000.\0001\000.\0003\000.\0002\000\040\000i\000n\000f\000o\000\137\000c\000o\000m\000p\000i\000l\000e\000r}{subsection.5.1.3}% 34
\BOOKMARK [3][-]{subsubsection.5.1.3.3}{\376\377\0005\000.\0001\000.\0003\000.\0003\000\040\000i\000n\000f\000o\000\137\000l\000a\000n\000g\000u\000a\000g\000e\000\137\000e\000x\000t\000e\000n\000s\000i\000o\000n\000s\000\137\000d\000e\000f\000a\000u\000l\000t}{subsection.5.1.3}% 35
\BOOKMARK [3][-]{subsubsection.5.1.3.4}{\376\377\0005\000.\0001\000.\0003\000.\0004\000\040\000i\000n\000f\000o\000\137\000l\000a\000n\000g\000u\000a\000g\000e\000\137\000s\000t\000a\000n\000d\000a\000r\000d\000\137\000d\000e\000f\000a\000u\000l\000t}{subsection.5.1.3}% 36
\BOOKMARK [3][-]{subsubsection.5.1.3.5}{\376\377\0005\000.\0001\000.\0003\000.\0005\000\040\000i\000n\000f\000o\000\137\000p\000l\000a\000t\000f\000o\000r\000m}{subsection.5.1.3}% 37
\BOOKMARK [1][-]{section.5.2}{\376\377\0005\000.\0002\000\040\000C\000M\000a\000k\000e\000F\000i\000l\000e\000s\000/\0003\000.\0002\0005\000.\0000\000/\000C\000o\000m\000p\000i\000l\000e\000r\000I\000d\000C\000X\000X\000/\000C\000M\000a\000k\000e\000C\000X\000X\000C\000o\000m\000p\000i\000l\000e\000r\000I\000d\000.\000c\000p\000p\000\040\000F\000i\000l\000e\000\040\000R\000e\000f\000e\000r\000e\000n\000c\000e}{chapter.5}% 38
\BOOKMARK [2][-]{subsection.5.2.1}{\376\377\0005\000.\0002\000.\0001\000\040\000M\000a\000c\000r\000o\000\040\000D\000e\000f\000i\000n\000i\000t\000i\000o\000n\000\040\000D\000o\000c\000u\000m\000e\000n\000t\000a\000t\000i\000o\000n}{section.5.2}% 39
\BOOKMARK [3][-]{subsubsection.5.2.1.1}{\376\377\0005\000.\0002\000.\0001\000.\0001\000\040\000\137\000\137\000h\000a\000s\000\137\000i\000n\000c\000l\000u\000d\000e}{subsection.5.2.1}% 40
\BOOKMARK [3][-]{subsubsection.5.2.1.2}{\376\377\0005\000.\0002\000.\0001\000.\0002\000\040\000A\000R\000C\000H\000I\000T\000E\000C\000T\000U\000R\000E\000\137\000I\000D}{subsection.5.2.1}% 41
\BOOKMARK [3][-]{subsubsection.5.2.1.3}{\376\377\0005\000.\0002\000.\0001\000.\0003\000\040\000C\000O\000M\000P\000I\000L\000E\000R\000\137\000I\000D}{subsection.5.2.1}% 42
\BOOKMARK [3][-]{subsubsection.5.2.1.4}{\376\377\0005\000.\0002\000.\0001\000.\0004\000\040\000C\000X\000X\000\137\000S\000T\000D}{subsection.5.2.1}% 43
\BOOKMARK [3][-]{subsubsection.5.2.1.5}{\376\377\0005\000.\0002\000.\0001\000.\0005\000\040\000D\000E\000C}{subsection.5.2.1}% 44
\BOOKMARK [3][-]{subsubsection.5.2.1.6}{\376\377\0005\000.\0002\000.\0001\000.\0006\000\040\000H\000E\000X}{subsection.5.2.1}% 45
\BOOKMARK [3][-]{subsubsection.5.2.1.7}{\376\377\0005\000.\0002\000.\0001\000.\0007\000\040\000P\000L\000A\000T\000F\000O\000R\000M\000\137\000I\000D}{subsection.5.2.1}% 46
\BOOKMARK [3][-]{subsubsection.5.2.1.8}{\376\377\0005\000.\0002\000.\0001\000.\0008\000\040\000S\000T\000R\000I\000N\000G\000I\000F\000Y}{subsection.5.2.1}% 47
\BOOKMARK [3][-]{subsubsection.5.2.1.9}{\376\377\0005\000.\0002\000.\0001\000.\0009\000\040\000S\000T\000R\000I\000N\000G\000I\000F\000Y\000\137\000H\000E\000L\000P\000E\000R}{subsection.5.2.1}% 48
\BOOKMARK [2][-]{subsection.5.2.2}{\376\377\0005\000.\0002\000.\0002\000\040\000F\000u\000n\000c\000t\000i\000o\000n\000\040\000D\000o\000c\000u\000m\000e\000n\000t\000a\000t\000i\000o\000n}{section.5.2}% 49
\BOOKMARK [3][-]{subsubsection.5.2.2.1}{\376\377\0005\000.\0002\000.\0002\000.\0001\000\040\000m\000a\000i\000n\000\050\000\051}{subsection.5.2.2}% 50
\BOOKMARK [2][-]{subsection.5.2.3}{\376\377\0005\000.\0002\000.\0003\000\040\000V\000a\000r\000i\000a\000b\000l\000e\000\040\000D\000o\000c\000u\000m\000e\000n\000t\000a\000t\000i\000o\000n}{section.5.2}% 51
\BOOKMARK [3][-]{subsubsection.5.2.3.1}{\376\377\0005\000.\0002\000.\0003\000.\0001\000\040\000i\000n\000f\000o\000\137\000a\000r\000c\000h}{subsection.5.2.3}% 52
\BOOKMARK [3][-]{subsubsection.5.2.3.2}{\376\377\0005\000.\0002\000.\0003\000.\0002\000\040\000i\000n\000f\000o\000\137\000c\000o\000m\000p\000i\000l\000e\000r}{subsection.5.2.3}% 53
\BOOKMARK [3][-]{subsubsection.5.2.3.3}{\376\377\0005\000.\0002\000.\0003\000.\0003\000\040\000i\000n\000f\000o\000\137\000l\000a\000n\000g\000u\000a\000g\000e\000\137\000e\000x\000t\000e\000n\000s\000i\000o\000n\000s\000\137\000d\000e\000f\000a\000u\000l\000t}{subsection.5.2.3}% 54
\BOOKMARK [3][-]{subsubsection.5.2.3.4}{\376\377\0005\000.\0002\000.\0003\000.\0004\000\040\000i\000n\000f\000o\000\137\000l\000a\000n\000g\000u\000a\000g\000e\000\137\000s\000t\000a\000n\000d\000a\000r\000d\000\137\000d\000e\000f\000a\000u\000l\000t}{subsection.5.2.3}% 55
\BOOKMARK [3][-]{subsubsection.5.2.3.5}{\376\377\0005\000.\0002\000.\0003\000.\0005\000\040\000i\000n\000f\000o\000\137\000p\000l\000a\000t\000f\000o\000r\000m}{subsection.5.2.3}% 56
\BOOKMARK [1][-]{section.5.3}{\376\377\0005\000.\0003\000\040\000C\000M\000a\000k\000e\000F\000i\000l\000e\000s\000/\000s\000o\000f\000w\000a\000r\000e\0001\000.\000b\000i\000n\000.\000d\000i\000r\000/\000s\000r\000c\000/\000c\000o\000n\000f\000i\000g\000\137\000t\000t\000y\000.\000c\000p\000p\000.\000o\000.\000d\000\040\000F\000i\000l\000e\000\040\000R\000e\000f\000e\000r\000e\000n\000c\000e}{chapter.5}% 57
\BOOKMARK [1][-]{section.5.4}{\376\377\0005\000.\0004\000\040\000C\000M\000a\000k\000e\000F\000i\000l\000e\000s\000/\000s\000o\000f\000w\000a\000r\000e\0001\000.\000b\000i\000n\000.\000d\000i\000r\000/\000s\000r\000c\000/\000m\000a\000i\000n\000.\000c\000p\000p\000.\000o\000.\000d\000\040\000F\000i\000l\000e\000\040\000R\000e\000f\000e\000r\000e\000n\000c\000e}{chapter.5}% 58
\BOOKMARK [1][-]{section.5.5}{\376\377\0005\000.\0005\000\040\000C\000M\000a\000k\000e\000F\000i\000l\000e\000s\000/\000s\000o\000f\000w\000a\000r\000e\0001\000.\000b\000i\000n\000.\000d\000i\000r\000/\000s\000r\000c\000/\000p\000a\000r\000t\000i\000c\000i\000p\000a\000n\000t\000.\000c\000p\000p\000.\000o\000.\000d\000\040\000F\000i\000l\000e\000\040\000R\000e\000f\000e\000r\000e\000n\000c\000e}{chapter.5}% 59
\BOOKMARK [1][-]{section.5.6}{\376\377\0005\000.\0006\000\040\000i\000n\000c\000l\000u\000d\000e\000/\000l\000i\000b\000\137\000g\000r\000u\000p\000o\0003\000.\000h\000\040\000F\000i\000l\000e\000\040\000R\000e\000f\000e\000r\000e\000n\000c\000e}{chapter.5}% 60
\BOOKMARK [2][-]{subsection.5.6.1}{\376\377\0005\000.\0006\000.\0001\000\040\000F\000u\000n\000c\000t\000i\000o\000n\000\040\000D\000o\000c\000u\000m\000e\000n\000t\000a\000t\000i\000o\000n}{section.5.6}% 61
\BOOKMARK [3][-]{subsubsection.5.6.1.1}{\376\377\0005\000.\0006\000.\0001\000.\0001\000\040\000c\000o\000m\000u\000n\000i\000c\000a\000c\000i\000o\000n\000\137\000s\000e\000r\000i\000a\000l\000\050\000\051}{subsection.5.6.1}% 62
\BOOKMARK [1][-]{section.5.7}{\376\377\0005\000.\0007\000\040\000i\000n\000c\000l\000u\000d\000e\000/\000t\000t\000y\000\137\000l\000i\000b\0002\000.\000h\000\040\000F\000i\000l\000e\000\040\000R\000e\000f\000e\000r\000e\000n\000c\000e}{chapter.5}% 63
\BOOKMARK [2][-]{subsection.5.7.1}{\376\377\0005\000.\0007\000.\0001\000\040\000F\000u\000n\000c\000t\000i\000o\000n\000\040\000D\000o\000c\000u\000m\000e\000n\000t\000a\000t\000i\000o\000n}{section.5.7}% 64
\BOOKMARK [3][-]{subsubsection.5.7.1.1}{\376\377\0005\000.\0007\000.\0001\000.\0001\000\040\000c\000o\000n\000f\000i\000g\000\137\000t\000t\000y\000\050\000\051}{subsection.5.7.1}% 65
\BOOKMARK [1][-]{section.5.8}{\376\377\0005\000.\0008\000\040\000R\000E\000A\000D\000M\000E\000.\000m\000d\000\040\000F\000i\000l\000e\000\040\000R\000e\000f\000e\000r\000e\000n\000c\000e}{chapter.5}% 66
\BOOKMARK [1][-]{section.5.9}{\376\377\0005\000.\0009\000\040\000s\000r\000c\000/\000c\000o\000n\000f\000i\000g\000\137\000t\000t\000y\000.\000c\000p\000p\000\040\000F\000i\000l\000e\000\040\000R\000e\000f\000e\000r\000e\000n\000c\000e}{chapter.5}% 67
\BOOKMARK [2][-]{subsection.5.9.1}{\376\377\0005\000.\0009\000.\0001\000\040\000F\000u\000n\000c\000t\000i\000o\000n\000\040\000D\000o\000c\000u\000m\000e\000n\000t\000a\000t\000i\000o\000n}{section.5.9}% 68
\BOOKMARK [3][-]{subsubsection.5.9.1.1}{\376\377\0005\000.\0009\000.\0001\000.\0001\000\040\000c\000o\000n\000f\000i\000g\000\137\000t\000t\000y\000\050\000\051}{subsection.5.9.1}% 69
\BOOKMARK [1][-]{section.5.10}{\376\377\0005\000.\0001\0000\000\040\000s\000r\000c\000/\000m\000a\000i\000n\000.\000c\000p\000p\000\040\000F\000i\000l\000e\000\040\000R\000e\000f\000e\000r\000e\000n\000c\000e}{chapter.5}% 70
\BOOKMARK [2][-]{subsection.5.10.1}{\376\377\0005\000.\0001\0000\000.\0001\000\040\000F\000u\000n\000c\000t\000i\000o\000n\000\040\000D\000o\000c\000u\000m\000e\000n\000t\000a\000t\000i\000o\000n}{section.5.10}% 71
\BOOKMARK [3][-]{subsubsection.5.10.1.1}{\376\377\0005\000.\0001\0000\000.\0001\000.\0001\000\040\000m\000a\000i\000n\000\050\000\051}{subsection.5.10.1}% 72
\BOOKMARK [1][-]{section.5.11}{\376\377\0005\000.\0001\0001\000\040\000s\000r\000c\000/\000p\000a\000r\000t\000i\000c\000i\000p\000a\000n\000t\000.\000c\000p\000p\000\040\000F\000i\000l\000e\000\040\000R\000e\000f\000e\000r\000e\000n\000c\000e}{chapter.5}% 73
\BOOKMARK [2][-]{subsection.5.11.1}{\376\377\0005\000.\0001\0001\000.\0001\000\040\000F\000u\000n\000c\000t\000i\000o\000n\000\040\000D\000o\000c\000u\000m\000e\000n\000t\000a\000t\000i\000o\000n}{section.5.11}% 74
\BOOKMARK [3][-]{subsubsection.5.11.1.1}{\376\377\0005\000.\0001\0001\000.\0001\000.\0001\000\040\000c\000o\000m\000u\000n\000i\000c\000a\000c\000i\000o\000n\000\137\000s\000e\000r\000i\000a\000l\000\050\000\051}{subsection.5.11.1}% 75
